[0.013s] Invoking command in '/home/tm/ros2_ws/build/my_package': CMAKE_PREFIX_PATH=${CMAKE_PREFIX_PATH}:/opt/ros/humble /usr/bin/cmake --build /home/tm/ros2_ws/build/my_package -- -j6 -l6
[0.043s] [100%] Built target my_node
[0.050s] Invoked command in '/home/tm/ros2_ws/build/my_package' returned '0': CMAKE_PREFIX_PATH=${CMAKE_PREFIX_PATH}:/opt/ros/humble /usr/bin/cmake --build /home/tm/ros2_ws/build/my_package -- -j6 -l6
[0.075s] Invoking command in '/home/tm/ros2_ws/build/my_package': CMAKE_PREFIX_PATH=${CMAKE_PREFIX_PATH}:/opt/ros/humble /usr/bin/cmake --install /home/tm/ros2_ws/build/my_package
[0.079s] -- Install configuration: ""
[0.079s] -- Up-to-date: /home/tm/ros2_ws/install/my_package/lib/my_package/my_node
[0.080s] -- Up-to-date: /home/tm/ros2_ws/install/my_package/share/ament_index/resource_index/package_run_dependencies/my_package
[0.080s] -- Up-to-date: /home/tm/ros2_ws/install/my_package/share/ament_index/resource_index/parent_prefix_path/my_package
[0.080s] -- Up-to-date: /home/tm/ros2_ws/install/my_package/share/my_package/environment/ament_prefix_path.sh
[0.080s] -- Up-to-date: /home/tm/ros2_ws/install/my_package/share/my_package/environment/ament_prefix_path.dsv
[0.080s] -- Up-to-date: /home/tm/ros2_ws/install/my_package/share/my_package/environment/path.sh
[0.080s] -- Up-to-date: /home/tm/ros2_ws/install/my_package/share/my_package/environment/path.dsv
[0.080s] -- Up-to-date: /home/tm/ros2_ws/install/my_package/share/my_package/local_setup.bash
[0.080s] -- Up-to-date: /home/tm/ros2_ws/install/my_package/share/my_package/local_setup.sh
[0.080s] -- Up-to-date: /home/tm/ros2_ws/install/my_package/share/my_package/local_setup.zsh
[0.081s] -- Up-to-date: /home/tm/ros2_ws/install/my_package/share/my_package/local_setup.dsv
[0.081s] -- Installing: /home/tm/ros2_ws/install/my_package/share/my_package/package.dsv
[0.081s] -- Up-to-date: /home/tm/ros2_ws/install/my_package/share/ament_index/resource_index/packages/my_package
[0.081s] -- Up-to-date: /home/tm/ros2_ws/install/my_package/share/my_package/cmake/my_packageConfig.cmake
[0.081s] -- Up-to-date: /home/tm/ros2_ws/install/my_package/share/my_package/cmake/my_packageConfig-version.cmake
[0.081s] -- Up-to-date: /home/tm/ros2_ws/install/my_package/share/my_package/package.xml
[0.083s] Invoked command in '/home/tm/ros2_ws/build/my_package' returned '0': CMAKE_PREFIX_PATH=${CMAKE_PREFIX_PATH}:/opt/ros/humble /usr/bin/cmake --install /home/tm/ros2_ws/build/my_package
