[0.011s] Invoking command in '/home/tm/ros2_ws/build/my_package': CMAKE_PREFIX_PATH=${CMAKE_PREFIX_PATH}:/opt/ros/humble /usr/bin/cmake /home/tm/ros2_ws/src/my_package -DCMAKE_INSTALL_PREFIX=/home/tm/ros2_ws/install/my_package
[0.156s] -- The C compiler identification is GNU 11.4.0
[0.236s] -- The CXX compiler identification is GNU 11.4.0
[0.246s] -- Detecting C compiler ABI info
[0.301s] -- Detecting C compiler ABI info - done
[0.306s] -- Check for working C compiler: /usr/bin/cc - skipped
[0.306s] -- Detecting C compile features
[0.307s] -- Detecting C compile features - done
[0.311s] -- Detecting CXX compiler ABI info
[0.366s] -- Detecting CXX compiler ABI info - done
[0.372s] -- Check for working CXX compiler: /usr/bin/c++ - skipped
[0.372s] -- Detecting CXX compile features
[0.373s] -- Detecting CXX compile features - done
[0.417s] -- Found ament_cmake: 1.3.10 (/opt/ros/humble/share/ament_cmake/cmake)
[0.548s] -- Found Python3: /usr/bin/python3 (found version "3.10.12") found components: Interpreter 
[0.674s] -- Found ament_lint_auto: 0.12.11 (/opt/ros/humble/share/ament_lint_auto/cmake)
[0.763s] -- Added test 'cppcheck' to perform static code analysis on C / C++ code
[0.763s] -- Configured cppcheck include dirs: $<BUILD_INTERFACE:/home/tm/ros2_ws/src/my_package/include>
[0.764s] -- Configured cppcheck exclude dirs and/or files: 
[0.765s] -- Added test 'lint_cmake' to check CMake code style
[0.766s] -- Added test 'uncrustify' to check C / C++ code style
[0.766s] -- Configured uncrustify additional arguments: 
[0.767s] -- Added test 'xmllint' to check XML markup files
[0.769s] -- Configuring done
[0.776s] -- Generating done
[0.777s] -- Build files have been written to: /home/tm/ros2_ws/build/my_package
[0.780s] Invoked command in '/home/tm/ros2_ws/build/my_package' returned '0': CMAKE_PREFIX_PATH=${CMAKE_PREFIX_PATH}:/opt/ros/humble /usr/bin/cmake /home/tm/ros2_ws/src/my_package -DCMAKE_INSTALL_PREFIX=/home/tm/ros2_ws/install/my_package
[0.782s] Invoking command in '/home/tm/ros2_ws/build/my_package': CMAKE_PREFIX_PATH=${CMAKE_PREFIX_PATH}:/opt/ros/humble /usr/bin/cmake --build /home/tm/ros2_ws/build/my_package -- -j6 -l6
[0.813s] [ 50%] [32mBuilding CXX object CMakeFiles/my_node.dir/src/my_node.cpp.o[0m
[0.836s] [100%] [32m[1mLinking CXX executable my_node[0m
[0.868s] [100%] Built target my_node
[0.876s] Invoked command in '/home/tm/ros2_ws/build/my_package' returned '0': CMAKE_PREFIX_PATH=${CMAKE_PREFIX_PATH}:/opt/ros/humble /usr/bin/cmake --build /home/tm/ros2_ws/build/my_package -- -j6 -l6
[0.899s] Invoking command in '/home/tm/ros2_ws/build/my_package': CMAKE_PREFIX_PATH=${CMAKE_PREFIX_PATH}:/opt/ros/humble /usr/bin/cmake --install /home/tm/ros2_ws/build/my_package
[0.903s] -- Install configuration: ""
[0.904s] -- Installing: /home/tm/ros2_ws/install/my_package/lib/my_package/my_node
[0.905s] -- Installing: /home/tm/ros2_ws/install/my_package/share/ament_index/resource_index/package_run_dependencies/my_package
[0.906s] -- Installing: /home/tm/ros2_ws/install/my_package/share/ament_index/resource_index/parent_prefix_path/my_package
[0.906s] -- Installing: /home/tm/ros2_ws/install/my_package/share/my_package/environment/ament_prefix_path.sh
[0.906s] -- Installing: /home/tm/ros2_ws/install/my_package/share/my_package/environment/ament_prefix_path.dsv
[0.906s] -- Installing: /home/tm/ros2_ws/install/my_package/share/my_package/environment/path.sh
[0.906s] -- Installing: /home/tm/ros2_ws/install/my_package/share/my_package/environment/path.dsv
[0.907s] -- Installing: /home/tm/ros2_ws/install/my_package/share/my_package/local_setup.bash
[0.907s] -- Installing: /home/tm/ros2_ws/install/my_package/share/my_package/local_setup.sh
[0.907s] -- Installing: /home/tm/ros2_ws/install/my_package/share/my_package/local_setup.zsh
[0.907s] -- Installing: /home/tm/ros2_ws/install/my_package/share/my_package/local_setup.dsv
[0.907s] -- Installing: /home/tm/ros2_ws/install/my_package/share/my_package/package.dsv
[0.907s] -- Installing: /home/tm/ros2_ws/install/my_package/share/ament_index/resource_index/packages/my_package
[0.908s] -- Installing: /home/tm/ros2_ws/install/my_package/share/my_package/cmake/my_packageConfig.cmake
[0.908s] -- Installing: /home/tm/ros2_ws/install/my_package/share/my_package/cmake/my_packageConfig-version.cmake
[0.908s] -- Installing: /home/tm/ros2_ws/install/my_package/share/my_package/package.xml
[0.909s] Invoked command in '/home/tm/ros2_ws/build/my_package' returned '0': CMAKE_PREFIX_PATH=${CMAKE_PREFIX_PATH}:/opt/ros/humble /usr/bin/cmake --install /home/tm/ros2_ws/build/my_package
