[0.017s] Invoking command in '/home/tm/ros2_ws/build/cpp_pubsub': CMAKE_PREFIX_PATH=${CMAKE_PREFIX_PATH}:/opt/ros/humble /usr/bin/cmake --build /home/tm/ros2_ws/build/cpp_pubsub -- -j6 -l6
[0.043s] [35m[1mConsolidate compiler generated dependencies of target listener[0m
[0.051s] [ 50%] Built target talker
[0.055s] [ 75%] [32mBuilding CXX object CMakeFiles/listener.dir/src/subscriber/member_function_with_type_adapter.cpp.o[0m
[6.271s] [100%] [32m[1mLinking CXX executable listener[0m
[6.571s] [100%] Built target listener
[6.579s] Invoked command in '/home/tm/ros2_ws/build/cpp_pubsub' returned '0': CMAKE_PREFIX_PATH=${CMAKE_PREFIX_PATH}:/opt/ros/humble /usr/bin/cmake --build /home/tm/ros2_ws/build/cpp_pubsub -- -j6 -l6
[6.600s] Invoking command in '/home/tm/ros2_ws/build/cpp_pubsub': CMAKE_PREFIX_PATH=${CMAKE_PREFIX_PATH}:/opt/ros/humble /usr/bin/cmake --install /home/tm/ros2_ws/build/cpp_pubsub
[6.604s] -- Install configuration: ""
[6.604s] -- Installing: /home/tm/ros2_ws/install/cpp_pubsub/lib/cpp_pubsub/talker
[6.605s] -- Set runtime path of "/home/tm/ros2_ws/install/cpp_pubsub/lib/cpp_pubsub/talker" to ""
[6.605s] -- Installing: /home/tm/ros2_ws/install/cpp_pubsub/lib/cpp_pubsub/listener
[6.609s] -- Set runtime path of "/home/tm/ros2_ws/install/cpp_pubsub/lib/cpp_pubsub/listener" to ""
[6.610s] -- Installing: /home/tm/ros2_ws/install/cpp_pubsub/share/ament_index/resource_index/package_run_dependencies/cpp_pubsub
[6.611s] -- Installing: /home/tm/ros2_ws/install/cpp_pubsub/share/ament_index/resource_index/parent_prefix_path/cpp_pubsub
[6.611s] -- Installing: /home/tm/ros2_ws/install/cpp_pubsub/share/cpp_pubsub/environment/ament_prefix_path.sh
[6.611s] -- Installing: /home/tm/ros2_ws/install/cpp_pubsub/share/cpp_pubsub/environment/ament_prefix_path.dsv
[6.611s] -- Installing: /home/tm/ros2_ws/install/cpp_pubsub/share/cpp_pubsub/environment/path.sh
[6.612s] -- Installing: /home/tm/ros2_ws/install/cpp_pubsub/share/cpp_pubsub/environment/path.dsv
[6.612s] -- Installing: /home/tm/ros2_ws/install/cpp_pubsub/share/cpp_pubsub/local_setup.bash
[6.612s] -- Installing: /home/tm/ros2_ws/install/cpp_pubsub/share/cpp_pubsub/local_setup.sh
[6.612s] -- Installing: /home/tm/ros2_ws/install/cpp_pubsub/share/cpp_pubsub/local_setup.zsh
[6.612s] -- Installing: /home/tm/ros2_ws/install/cpp_pubsub/share/cpp_pubsub/local_setup.dsv
[6.612s] -- Installing: /home/tm/ros2_ws/install/cpp_pubsub/share/cpp_pubsub/package.dsv
[6.612s] -- Installing: /home/tm/ros2_ws/install/cpp_pubsub/share/ament_index/resource_index/packages/cpp_pubsub
[6.613s] -- Installing: /home/tm/ros2_ws/install/cpp_pubsub/share/cpp_pubsub/cmake/cpp_pubsubConfig.cmake
[6.613s] -- Installing: /home/tm/ros2_ws/install/cpp_pubsub/share/cpp_pubsub/cmake/cpp_pubsubConfig-version.cmake
[6.613s] -- Installing: /home/tm/ros2_ws/install/cpp_pubsub/share/cpp_pubsub/package.xml
[6.615s] Invoked command in '/home/tm/ros2_ws/build/cpp_pubsub' returned '0': CMAKE_PREFIX_PATH=${CMAKE_PREFIX_PATH}:/opt/ros/humble /usr/bin/cmake --install /home/tm/ros2_ws/build/cpp_pubsub
